::1 - - [02/May/2021:00:41:18 +0000] "GET /?page=1 HTTP/1.1" 200 - "-" "Mozilla/5.0 (Windows NT 10.0; Win64; x64) AppleWebKit/537.36 (KHTML, like Gecko) Chrome/90.0.4430.93 Safari/537.36"
::ffff:127.0.0.1 - - [02/May/2021:00:41:18 +0000] "GET /css/product.css HTTP/1.1" 200 381 "-" "Mozilla/5.0 (Windows NT 10.0; Win64; x64) AppleWebKit/537.36 (KHTML, like Gecko) Chrome/90.0.4430.93 Safari/537.36"
::1 - - [02/May/2021:00:41:18 +0000] "GET /css/main.css HTTP/1.1" 200 - "-" "Mozilla/5.0 (Windows NT 10.0; Win64; x64) AppleWebKit/537.36 (KHTML, like Gecko) Chrome/90.0.4430.93 Safari/537.36"
::1 - - [02/May/2021:00:41:18 +0000] "GET /js/main.js HTTP/1.1" 200 535 "-" "Mozilla/5.0 (Windows NT 10.0; Win64; x64) AppleWebKit/537.36 (KHTML, like Gecko) Chrome/90.0.4430.93 Safari/537.36"
::ffff:127.0.0.1 - - [02/May/2021:00:41:18 +0000] "GET /images/1618678316645-0.8548480148392688-onbi.jpg HTTP/1.1" 200 68794 "-" "Mozilla/5.0 (Windows NT 10.0; Win64; x64) AppleWebKit/537.36 (KHTML, like Gecko) Chrome/90.0.4430.93 Safari/537.36"
::1 - - [02/May/2021:00:41:18 +0000] "GET /images/1618678445313-0.9970092331596967-hyewon.jpg HTTP/1.1" 200 159035 "-" "Mozilla/5.0 (Windows NT 10.0; Win64; x64) AppleWebKit/537.36 (KHTML, like Gecko) Chrome/90.0.4430.93 Safari/537.36"
::1 - - [02/May/2021:00:41:18 +0000] "GET /images/1618679840170-0.553344706678-kora.PNG HTTP/1.1" 200 472858 "-" "Mozilla/5.0 (Windows NT 10.0; Win64; x64) AppleWebKit/537.36 (KHTML, like Gecko) Chrome/90.0.4430.93 Safari/537.36"
::1 - - [02/May/2021:00:41:26 +0000] "GET /?page=2 HTTP/1.1" 200 - "-" "Mozilla/5.0 (Windows NT 10.0; Win64; x64) AppleWebKit/537.36 (KHTML, like Gecko) Chrome/90.0.4430.93 Safari/537.36"
::1 - - [02/May/2021:00:41:27 +0000] "GET /css/product.css HTTP/1.1" 200 381 "-" "Mozilla/5.0 (Windows NT 10.0; Win64; x64) AppleWebKit/537.36 (KHTML, like Gecko) Chrome/90.0.4430.93 Safari/537.36"
::1 - - [02/May/2021:00:41:27 +0000] "GET /css/main.css HTTP/1.1" 200 - "-" "Mozilla/5.0 (Windows NT 10.0; Win64; x64) AppleWebKit/537.36 (KHTML, like Gecko) Chrome/90.0.4430.93 Safari/537.36"
::1 - - [02/May/2021:00:41:27 +0000] "GET /js/main.js HTTP/1.1" 200 535 "-" "Mozilla/5.0 (Windows NT 10.0; Win64; x64) AppleWebKit/537.36 (KHTML, like Gecko) Chrome/90.0.4430.93 Safari/537.36"
::1 - - [02/May/2021:00:41:27 +0000] "GET /images/1618678472247-0.13062765096617412-20.jpg HTTP/1.1" 200 241735 "-" "Mozilla/5.0 (Windows NT 10.0; Win64; x64) AppleWebKit/537.36 (KHTML, like Gecko) Chrome/90.0.4430.93 Safari/537.36"
::1 - - [02/May/2021:00:41:27 +0000] "GET /images/1619256182879-0.8063932312201516-44.jpg HTTP/1.1" 200 113769 "-" "Mozilla/5.0 (Windows NT 10.0; Win64; x64) AppleWebKit/537.36 (KHTML, like Gecko) Chrome/90.0.4430.93 Safari/537.36"
::1 - - [02/May/2021:00:41:27 +0000] "GET /images/1618679965985-0.6418353687009999-cy.png HTTP/1.1" 200 105171 "-" "Mozilla/5.0 (Windows NT 10.0; Win64; x64) AppleWebKit/537.36 (KHTML, like Gecko) Chrome/90.0.4430.93 Safari/537.36"
::1 - - [02/May/2021:00:41:39 +0000] "GET /login HTTP/1.1" 200 - "-" "Mozilla/5.0 (Windows NT 10.0; Win64; x64) AppleWebKit/537.36 (KHTML, like Gecko) Chrome/90.0.4430.93 Safari/537.36"
::1 - - [02/May/2021:00:41:39 +0000] "GET /css/forms.css HTTP/1.1" 200 483 "-" "Mozilla/5.0 (Windows NT 10.0; Win64; x64) AppleWebKit/537.36 (KHTML, like Gecko) Chrome/90.0.4430.93 Safari/537.36"
::1 - - [02/May/2021:00:41:39 +0000] "GET /css/auth.css HTTP/1.1" 200 90 "-" "Mozilla/5.0 (Windows NT 10.0; Win64; x64) AppleWebKit/537.36 (KHTML, like Gecko) Chrome/90.0.4430.93 Safari/537.36"
::1 - - [02/May/2021:00:41:39 +0000] "GET /js/main.js HTTP/1.1" 200 535 "-" "Mozilla/5.0 (Windows NT 10.0; Win64; x64) AppleWebKit/537.36 (KHTML, like Gecko) Chrome/90.0.4430.93 Safari/537.36"
::1 - - [02/May/2021:00:41:39 +0000] "GET /css/main.css HTTP/1.1" 200 - "-" "Mozilla/5.0 (Windows NT 10.0; Win64; x64) AppleWebKit/537.36 (KHTML, like Gecko) Chrome/90.0.4430.93 Safari/537.36"
::1 - - [02/May/2021:00:41:44 +0000] "GET /signup HTTP/1.1" 200 - "-" "Mozilla/5.0 (Windows NT 10.0; Win64; x64) AppleWebKit/537.36 (KHTML, like Gecko) Chrome/90.0.4430.93 Safari/537.36"
::1 - - [02/May/2021:00:41:45 +0000] "GET /css/forms.css HTTP/1.1" 200 483 "-" "Mozilla/5.0 (Windows NT 10.0; Win64; x64) AppleWebKit/537.36 (KHTML, like Gecko) Chrome/90.0.4430.93 Safari/537.36"
::1 - - [02/May/2021:00:41:45 +0000] "GET /css/auth.css HTTP/1.1" 200 90 "-" "Mozilla/5.0 (Windows NT 10.0; Win64; x64) AppleWebKit/537.36 (KHTML, like Gecko) Chrome/90.0.4430.93 Safari/537.36"
::1 - - [02/May/2021:00:41:45 +0000] "GET /js/main.js HTTP/1.1" 200 535 "-" "Mozilla/5.0 (Windows NT 10.0; Win64; x64) AppleWebKit/537.36 (KHTML, like Gecko) Chrome/90.0.4430.93 Safari/537.36"
::1 - - [02/May/2021:00:41:45 +0000] "GET /css/main.css HTTP/1.1" 200 - "-" "Mozilla/5.0 (Windows NT 10.0; Win64; x64) AppleWebKit/537.36 (KHTML, like Gecko) Chrome/90.0.4430.93 Safari/537.36"
::1 - - [02/May/2021:02:24:17 +0000] "GET / HTTP/1.1" 200 - "-" "Mozilla/5.0 (Windows NT 10.0; Win64; x64) AppleWebKit/537.36 (KHTML, like Gecko) Chrome/90.0.4430.93 Safari/537.36"
::ffff:127.0.0.1 - - [02/May/2021:02:24:17 +0000] "GET /css/product.css HTTP/1.1" 200 381 "-" "Mozilla/5.0 (Windows NT 10.0; Win64; x64) AppleWebKit/537.36 (KHTML, like Gecko) Chrome/90.0.4430.93 Safari/537.36"
::1 - - [02/May/2021:02:24:17 +0000] "GET /css/main.css HTTP/1.1" 200 - "-" "Mozilla/5.0 (Windows NT 10.0; Win64; x64) AppleWebKit/537.36 (KHTML, like Gecko) Chrome/90.0.4430.93 Safari/537.36"
::1 - - [02/May/2021:02:24:17 +0000] "GET /js/main.js HTTP/1.1" 200 535 "-" "Mozilla/5.0 (Windows NT 10.0; Win64; x64) AppleWebKit/537.36 (KHTML, like Gecko) Chrome/90.0.4430.93 Safari/537.36"
::ffff:127.0.0.1 - - [02/May/2021:02:24:17 +0000] "GET /images/1618678316645-0.8548480148392688-onbi.jpg HTTP/1.1" 200 68794 "-" "Mozilla/5.0 (Windows NT 10.0; Win64; x64) AppleWebKit/537.36 (KHTML, like Gecko) Chrome/90.0.4430.93 Safari/537.36"
::1 - - [02/May/2021:02:24:17 +0000] "GET /images/1618678445313-0.9970092331596967-hyewon.jpg HTTP/1.1" 200 159035 "-" "Mozilla/5.0 (Windows NT 10.0; Win64; x64) AppleWebKit/537.36 (KHTML, like Gecko) Chrome/90.0.4430.93 Safari/537.36"
::1 - - [02/May/2021:02:24:17 +0000] "GET /images/1618679840170-0.553344706678-kora.PNG HTTP/1.1" 200 472858 "-" "Mozilla/5.0 (Windows NT 10.0; Win64; x64) AppleWebKit/537.36 (KHTML, like Gecko) Chrome/90.0.4430.93 Safari/537.36"
::1 - - [02/May/2021:02:46:23 +0000] "GET / HTTP/1.1" 200 - "-" "Mozilla/5.0 (Windows NT 10.0; Win64; x64) AppleWebKit/537.36 (KHTML, like Gecko) Chrome/90.0.4430.93 Safari/537.36"
::1 - - [02/May/2021:02:46:23 +0000] "GET /css/main.css HTTP/1.1" 200 - "-" "Mozilla/5.0 (Windows NT 10.0; Win64; x64) AppleWebKit/537.36 (KHTML, like Gecko) Chrome/90.0.4430.93 Safari/537.36"
::1 - - [02/May/2021:02:46:23 +0000] "GET /css/product.css HTTP/1.1" 200 381 "-" "Mozilla/5.0 (Windows NT 10.0; Win64; x64) AppleWebKit/537.36 (KHTML, like Gecko) Chrome/90.0.4430.93 Safari/537.36"
::1 - - [02/May/2021:02:46:23 +0000] "GET /js/main.js HTTP/1.1" 200 535 "-" "Mozilla/5.0 (Windows NT 10.0; Win64; x64) AppleWebKit/537.36 (KHTML, like Gecko) Chrome/90.0.4430.93 Safari/537.36"
::1 - - [02/May/2021:02:46:23 +0000] "GET /images/1618678316645-0.8548480148392688-onbi.jpg HTTP/1.1" 200 68794 "-" "Mozilla/5.0 (Windows NT 10.0; Win64; x64) AppleWebKit/537.36 (KHTML, like Gecko) Chrome/90.0.4430.93 Safari/537.36"
::1 - - [02/May/2021:02:46:23 +0000] "GET /images/1618678445313-0.9970092331596967-hyewon.jpg HTTP/1.1" 200 159035 "-" "Mozilla/5.0 (Windows NT 10.0; Win64; x64) AppleWebKit/537.36 (KHTML, like Gecko) Chrome/90.0.4430.93 Safari/537.36"
::1 - - [02/May/2021:02:46:23 +0000] "GET /images/1618679840170-0.553344706678-kora.PNG HTTP/1.1" 200 472858 "-" "Mozilla/5.0 (Windows NT 10.0; Win64; x64) AppleWebKit/537.36 (KHTML, like Gecko) Chrome/90.0.4430.93 Safari/537.36"
::1 - - [02/May/2021:02:46:23 +0000] "GET /favicon.ico HTTP/1.1" 404 - "-" "Mozilla/5.0 (Windows NT 10.0; Win64; x64) AppleWebKit/537.36 (KHTML, like Gecko) Chrome/90.0.4430.93 Safari/537.36"
::1 - - [02/May/2021:02:48:56 +0000] "GET / HTTP/1.1" 200 - "-" "Mozilla/5.0 (Windows NT 10.0; Win64; x64) AppleWebKit/537.36 (KHTML, like Gecko) Chrome/90.0.4430.93 Safari/537.36"
::1 - - [02/May/2021:02:48:56 +0000] "GET /css/product.css HTTP/1.1" 200 381 "-" "Mozilla/5.0 (Windows NT 10.0; Win64; x64) AppleWebKit/537.36 (KHTML, like Gecko) Chrome/90.0.4430.93 Safari/537.36"
::1 - - [02/May/2021:02:48:56 +0000] "GET /css/main.css HTTP/1.1" 200 - "-" "Mozilla/5.0 (Windows NT 10.0; Win64; x64) AppleWebKit/537.36 (KHTML, like Gecko) Chrome/90.0.4430.93 Safari/537.36"
::1 - - [02/May/2021:02:48:56 +0000] "GET /js/main.js HTTP/1.1" 200 535 "-" "Mozilla/5.0 (Windows NT 10.0; Win64; x64) AppleWebKit/537.36 (KHTML, like Gecko) Chrome/90.0.4430.93 Safari/537.36"
::1 - - [02/May/2021:02:48:56 +0000] "GET /images/1618678316645-0.8548480148392688-onbi.jpg HTTP/1.1" 200 68794 "-" "Mozilla/5.0 (Windows NT 10.0; Win64; x64) AppleWebKit/537.36 (KHTML, like Gecko) Chrome/90.0.4430.93 Safari/537.36"
::1 - - [02/May/2021:02:48:56 +0000] "GET /images/1618678445313-0.9970092331596967-hyewon.jpg HTTP/1.1" 200 159035 "-" "Mozilla/5.0 (Windows NT 10.0; Win64; x64) AppleWebKit/537.36 (KHTML, like Gecko) Chrome/90.0.4430.93 Safari/537.36"
::1 - - [02/May/2021:02:48:56 +0000] "GET /images/1618679840170-0.553344706678-kora.PNG HTTP/1.1" 200 472858 "-" "Mozilla/5.0 (Windows NT 10.0; Win64; x64) AppleWebKit/537.36 (KHTML, like Gecko) Chrome/90.0.4430.93 Safari/537.36"
